<?xml version="1.0" encoding="UTF-8"?>
<!-- Generated by org.testng.reporters.JUnitReportReporter -->
<testsuite hostname="LTIN521690" failures="0" tests="3" name="testCases.ULServicesFormTest" time="14.378" errors="0" timestamp="2025-01-16T11:06:21 IST" skipped="0">
  <testcase classname="testCases.ULServicesFormTest" name="checkULPageTitle" time="3.106"/>
  <system-out/>
  <testcase classname="testCases.ULServicesFormTest" name="FillULInvalidData" time="2.908"/>
  <system-out/>
  <testcase classname="testCases.ULServicesFormTest" name="FillULValidData" time="8.364"/>
  <system-out/>
</testsuite> <!-- testCases.ULServicesFormTest -->
