<?xml version="1.0" encoding="UTF-8"?>
<!-- Generated by org.testng.reporters.JUnitReportReporter -->
<testsuite hostname="LTIN555447" failures="0" tests="4" name="testCases.TC001_TC004" time="1.842" errors="0" timestamp="25 Dec 2024 05:46:01 GMT">
  <testcase classname="testCases.TC001_TC004" name="testFieldPresence" time="0.398"/>
  <testcase classname="testCases.TC001_TC004" name="testValidUrl" time="0.053"/>
  <testcase classname="testCases.TC001_TC004" name="testFieldOasisPresence" time="0.124"/>
  <testcase classname="testCases.TC001_TC004" name="testFieldLogin" time="1.267"/>
</testsuite> <!-- testCases.TC001_TC004 -->
