<?xml version="1.0" encoding="UTF-8"?>
<!-- Generated by org.testng.reporters.JUnitReportReporter -->
<testsuite hostname="LTIN555447" failures="0" tests="3" name="testCases.TC018_TC021" time="6.675" errors="0" timestamp="26 Dec 2024 04:40:46 GMT">
  <testcase classname="testCases.TC018_TC021" name="testUrlAfterBack" time="1.866"/>
  <testcase classname="testCases.TC018_TC021" name="testWithInvalidData" time="1.296"/>
  <testcase classname="testCases.TC018_TC021" name="testModalOpening" time="3.513"/>
</testsuite> <!-- testCases.TC018_TC021 -->
