<?xml version="1.0" encoding="UTF-8"?>
<!-- Generated by org.testng.reporters.JUnitReportReporter -->
<testsuite hostname="LTIN521690" failures="0" tests="12" name="testCases.BookshelvesPriceFilterTest" time="18.654" errors="0" timestamp="2025-01-16T11:06:21 IST" skipped="0">
  <testcase classname="testCases.BookshelvesPriceFilterTest" name="bookShelvesSubmenuPresence" time="0.697"/>
  <system-out/>
  <testcase classname="testCases.BookshelvesPriceFilterTest" name="bookShelvesClick" time="3.371"/>
  <system-out/>
  <testcase classname="testCases.BookshelvesPriceFilterTest" name="checkBookshelvesPageTitle" time="0.709"/>
  <system-out/>
  <testcase classname="testCases.BookshelvesPriceFilterTest" name="checkFilters" time="3.435"/>
  <system-out/>
  <testcase classname="testCases.BookshelvesPriceFilterTest" name="checkPriceTagSlider" time="0.058"/>
  <system-out/>
  <testcase classname="testCases.BookshelvesPriceFilterTest" name="testPriceTagSliderWithValue" time="1.224"/>
  <system-out/>
  <testcase classname="testCases.BookshelvesPriceFilterTest" name="checkStorageTypeTag" time="1.145"/>
  <system-out/>
  <testcase classname="testCases.BookshelvesPriceFilterTest" name="testStorageTypeTagWithValue" time="0.789"/>
  <system-out/>
  <testcase classname="testCases.BookshelvesPriceFilterTest" name="testExcludeOutOfStock" time="0.681"/>
  <system-out/>
  <testcase classname="testCases.BookshelvesPriceFilterTest" name="testSortBy" time="0.070"/>
  <system-out/>
  <testcase classname="testCases.BookshelvesPriceFilterTest" name="testPresenceOfBookshelves" time="3.539"/>
  <system-out/>
  <testcase classname="testCases.BookshelvesPriceFilterTest" name="testUrlAfterBack" time="2.936"/>
  <system-out/>
</testsuite> <!-- testCases.BookshelvesPriceFilterTest -->
