<?xml version="1.0" encoding="UTF-8"?>
<!-- Generated by org.testng.reporters.JUnitReportReporter -->
<testsuite hostname="LTIN521690" failures="0" tests="4" name="testCases.SmokeTest" time="2.059" errors="0" timestamp="2025-01-16T11:06:21 IST" skipped="0">
  <testcase classname="testCases.SmokeTest" name="testValidUrl" time="0.250"/>
  <system-out/>
  <testcase classname="testCases.SmokeTest" name="testFieldPresence" time="1.515"/>
  <system-out/>
  <testcase classname="testCases.SmokeTest" name="testFieldOasisPresence" time="0.086"/>
  <system-out/>
  <testcase classname="testCases.SmokeTest" name="testULServicesPresence" time="0.208"/>
  <system-out/>
</testsuite> <!-- testCases.SmokeTest -->
