<?xml version="1.0" encoding="UTF-8"?>
<!-- Generated by org.testng.reporters.JUnitReportReporter -->
<testsuite hostname="LTIN555447" failures="0" tests="5" name="testCases.TC005_TC008" time="3.451" errors="0" timestamp="25 Dec 2024 05:46:01 GMT">
  <testcase classname="testCases.TC005_TC008" name="bookShelvesClick" time="1.490"/>
  <testcase classname="testCases.TC005_TC008" name="dropDownAppearanceValidation" time="0.850"/>
  <testcase classname="testCases.TC005_TC008" name="testLoginDropDown" time="0.334"/>
  <testcase classname="testCases.TC005_TC008" name="bookShelvesSubmenuPresence" time="0.227"/>
  <testcase classname="testCases.TC005_TC008" name="dropDownSubMenuValidation" time="0.550"/>
</testsuite> <!-- testCases.TC005_TC008 -->
