<?xml version="1.0" encoding="UTF-8"?>
<!-- Generated by org.testng.reporters.JUnitReportReporter -->
<testsuite hostname="LTIN555447" failures="0" tests="4" name="testCases.TC014_TC017" time="1.430" errors="0" timestamp="26 Dec 2024 04:40:46 GMT">
  <testcase classname="testCases.TC014_TC017" name="testStorageTypeTagWithValue" time="0.642"/>
  <testcase classname="testCases.TC014_TC017" name="testExcludeOutOfStock" time="0.285"/>
  <testcase classname="testCases.TC014_TC017" name="checkStorageTypeTag" time="0.318"/>
  <testcase classname="testCases.TC014_TC017" name="testPresenceOfBookshelves" time="0.185"/>
</testsuite> <!-- testCases.TC014_TC017 -->
