<?xml version="1.0" encoding="UTF-8"?>
<!-- Generated by org.testng.reporters.JUnitReportReporter -->
<testsuite hostname="LTIN555447" failures="0" tests="4" name="testCases.HomePageUrlAndFieldsValidation" time="3.075" errors="0" timestamp="24 Dec 2024 06:52:29 GMT">
  <testcase classname="testCases.HomePageUrlAndFieldsValidation" name="testFieldLogin" time="0.334"/>
  <testcase classname="testCases.HomePageUrlAndFieldsValidation" name="testFieldPresence" time="0.109"/>
  <testcase classname="testCases.HomePageUrlAndFieldsValidation" name="testFieldOasisPresence" time="0.042"/>
  <testcase classname="testCases.HomePageUrlAndFieldsValidation" name="testValidUrl" time="2.590"/>
</testsuite> <!-- testCases.HomePageUrlAndFieldsValidation -->
