<?xml version="1.0" encoding="UTF-8"?>
<!-- Generated by org.testng.reporters.JUnitReportReporter -->
<testsuite hostname="LTIN521812" failures="0" tests="5" name="testCases.TC006_TC009" time="6.726" errors="0" timestamp="2025-01-09T14:00:24 IST" skipped="0">
  <testcase classname="testCases.TC006_TC009" name="testLoginDropDown" time="0.258"/>
  <system-out/>
  <testcase classname="testCases.TC006_TC009" name="dropDownAppearanceValidation" time="0.878"/>
  <system-out/>
  <testcase classname="testCases.TC006_TC009" name="dropDownSubMenuValidation" time="2.714"/>
  <system-out/>
  <testcase classname="testCases.TC006_TC009" name="bookShelvesSubmenuPresence" time="0.282"/>
  <system-out/>
  <testcase classname="testCases.TC006_TC009" name="bookShelvesClick" time="2.594"/>
  <system-out/>
</testsuite> <!-- testCases.TC006_TC009 -->
