<?xml version="1.0" encoding="UTF-8"?>
<!-- Generated by org.testng.reporters.JUnitReportReporter -->
<testsuite hostname="LTIN555447" failures="0" tests="4" name="testCases.TC009_TC012" time="1.518" errors="0" timestamp="25 Dec 2024 05:46:01 GMT">
  <testcase classname="testCases.TC009_TC012" name="checkBookshelvesUrl" time="0.532"/>
  <testcase classname="testCases.TC009_TC012" name="checkPriceTagSlider" time="0.239"/>
  <testcase classname="testCases.TC009_TC012" name="checkStorageTypeTag" time="0.357"/>
  <testcase classname="testCases.TC009_TC012" name="checkFilters" time="0.390"/>
</testsuite> <!-- testCases.TC009_TC012 -->
