<?xml version="1.0" encoding="UTF-8"?>
<!-- Generated by org.testng.reporters.JUnitReportReporter -->
<testsuite hostname="LTIN521812" failures="0" tests="3" name="testCases.TC019_TC021" time="8.814" errors="0" timestamp="2025-01-09T14:00:24 IST" skipped="0">
  <testcase classname="testCases.TC019_TC021" name="testUrlAfterBack" time="2.766"/>
  <system-out/>
  <testcase classname="testCases.TC019_TC021" name="testModalOpening" time="3.757"/>
  <system-out/>
  <testcase classname="testCases.TC019_TC021" name="testWithInvalidData" time="2.291"/>
  <system-out/>
</testsuite> <!-- testCases.TC019_TC021 -->
