<?xml version="1.0" encoding="UTF-8"?>
<!-- Generated by org.testng.reporters.JUnitReportReporter -->
<testsuite hostname="LTIN521812" failures="0" tests="4" name="testCases.TC001_TC005" time="1.379" errors="0" timestamp="2025-01-09T14:00:24 IST" skipped="0">
  <testcase classname="testCases.TC001_TC005" name="testValidUrl" time="0.222"/>
  <system-out/>
  <testcase classname="testCases.TC001_TC005" name="testFieldPresence" time="0.985"/>
  <system-out/>
  <testcase classname="testCases.TC001_TC005" name="testFieldOasisPresence" time="0.058"/>
  <system-out/>
  <testcase classname="testCases.TC001_TC005" name="testFieldLogin" time="0.114"/>
  <system-out/>
</testsuite> <!-- testCases.TC001_TC005 -->
