<?xml version="1.0" encoding="UTF-8"?>
<!-- Generated by org.testng.reporters.JUnitReportReporter -->
<testsuite hostname="LTIN555447" failures="0" tests="4" name="testCases.HomePageUrlAndFieldsValidation" time="2.442" errors="0" timestamp="24 Dec 2024 06:50:30 GMT">
  <testcase classname="testCases.HomePageUrlAndFieldsValidation" name="testValidUrl" time="2.086"/>
  <testcase classname="testCases.HomePageUrlAndFieldsValidation" name="testFieldPresence" time="0.111"/>
  <testcase classname="testCases.HomePageUrlAndFieldsValidation" name="testFieldLogin" time="0.204"/>
  <testcase classname="testCases.HomePageUrlAndFieldsValidation" name="testFieldOasisPresence" time="0.041"/>
</testsuite> <!-- testCases.HomePageUrlAndFieldsValidation -->
