<?xml version="1.0" encoding="UTF-8"?>
<!-- Generated by org.testng.reporters.JUnitReportReporter -->
<testsuite hostname="LTIN555447" failures="0" tests="5" name="testCases.TC014_TC018" time="4.025" errors="0" timestamp="2024-12-29T21:13:37 IST" skipped="0">
  <testcase classname="testCases.TC014_TC018" name="checkStorageTypeTag" time="0.516"/>
  <system-out/>
  <testcase classname="testCases.TC014_TC018" name="testStorageTypeTagWithValue" time="0.807"/>
  <system-out/>
  <testcase classname="testCases.TC014_TC018" name="testExcludeOutOfStock" time="0.840"/>
  <system-out/>
  <testcase classname="testCases.TC014_TC018" name="testSortBy" time="0.091"/>
  <system-out/>
  <testcase classname="testCases.TC014_TC018" name="testPresenceOfBookshelves" time="1.771"/>
  <system-out/>
</testsuite> <!-- testCases.TC014_TC018 -->
