<?xml version="1.0" encoding="UTF-8"?>
<!-- Generated by org.testng.reporters.JUnitReportReporter -->
<testsuite hostname="LTIN555447" failures="0" tests="4" name="testCases.TC001_TC005" time="1.801" errors="0" timestamp="2024-12-29T21:13:37 IST" skipped="0">
  <testcase classname="testCases.TC001_TC005" name="testValidUrl" time="0.031"/>
  <system-out/>
  <testcase classname="testCases.TC001_TC005" name="testFieldPresence" time="1.545"/>
  <system-out/>
  <testcase classname="testCases.TC001_TC005" name="testFieldOasisPresence" time="0.060"/>
  <system-out/>
  <testcase classname="testCases.TC001_TC005" name="testFieldLogin" time="0.165"/>
  <system-out/>
</testsuite> <!-- testCases.TC001_TC005 -->
