<?xml version="1.0" encoding="UTF-8"?>
<!-- Generated by org.testng.reporters.JUnitReportReporter -->
<testsuite hostname="LTIN555447" failures="0" tests="5" name="testCases.TC006_TC009" time="5.426" errors="0" timestamp="2024-12-29T21:13:37 IST" skipped="0">
  <testcase classname="testCases.TC006_TC009" name="testLoginDropDown" time="0.240"/>
  <system-out/>
  <testcase classname="testCases.TC006_TC009" name="dropDownAppearanceValidation" time="0.852"/>
  <system-out/>
  <testcase classname="testCases.TC006_TC009" name="dropDownSubMenuValidation" time="2.148"/>
  <system-out/>
  <testcase classname="testCases.TC006_TC009" name="bookShelvesSubmenuPresence" time="0.252"/>
  <system-out/>
  <testcase classname="testCases.TC006_TC009" name="bookShelvesClick" time="1.934"/>
  <system-out/>
</testsuite> <!-- testCases.TC006_TC009 -->
