<?xml version="1.0" encoding="UTF-8"?>
<!-- Generated by org.testng.reporters.JUnitReportReporter -->
<testsuite hostname="LTIN555447" failures="0" tests="4" name="testCases.TC001_TC004" time="1.023" errors="0" timestamp="24 Dec 2024 13:58:04 GMT">
  <testcase classname="testCases.TC001_TC004" name="testFieldPresence" time="0.222"/>
  <testcase classname="testCases.TC001_TC004" name="testFieldLogin" time="0.669"/>
  <testcase classname="testCases.TC001_TC004" name="testValidUrl" time="0.027"/>
  <testcase classname="testCases.TC001_TC004" name="testFieldOasisPresence" time="0.105"/>
</testsuite> <!-- testCases.TC001_TC004 -->
