<?xml version="1.0" encoding="UTF-8"?>
<!-- Generated by org.testng.reporters.JUnitReportReporter -->
<testsuite hostname="LTIN522289" failures="0" tests="4" name="testCases.SmokeTest" time="1.385" errors="0" timestamp="2025-01-16T09:04:46 IST" skipped="0">
  <testcase classname="testCases.SmokeTest" name="testValidUrl" time="0.228"/>
  <system-out/>
  <testcase classname="testCases.SmokeTest" name="testFieldPresence" time="0.122"/>
  <system-out/>
  <testcase classname="testCases.SmokeTest" name="testFieldOasisPresence" time="0.919"/>
  <system-out/>
  <testcase classname="testCases.SmokeTest" name="testULServicesPresence" time="0.116"/>
  <system-out/>
</testsuite> <!-- testCases.SmokeTest -->
