<?xml version="1.0" encoding="UTF-8"?>
<!-- Generated by org.testng.reporters.JUnitReportReporter -->
<testsuite hostname="LTIN555447" failures="0" tests="1" name="tests.SampleTest" time="0.006" errors="0" timestamp="23 Dec 2024 18:33:01 GMT">
  <testcase classname="tests.SampleTest" name="test1" time="0.006"/>
</testsuite> <!-- tests.SampleTest -->
