<?xml version="1.0" encoding="UTF-8"?>
<!-- Generated by org.testng.reporters.JUnitReportReporter -->
<testsuite hostname="LTIN555447" failures="0" tests="4" name="testCases.TC010_TC013" time="5.315" errors="0" timestamp="2024-12-29T21:13:37 IST" skipped="0">
  <testcase classname="testCases.TC010_TC013" name="checkBookshelvesUrl" time="0.653"/>
  <system-out/>
  <testcase classname="testCases.TC010_TC013" name="checkFilters" time="3.350"/>
  <system-out/>
  <testcase classname="testCases.TC010_TC013" name="checkPriceTagSlider" time="0.052"/>
  <system-out/>
  <testcase classname="testCases.TC010_TC013" name="testPriceTagSliderWithValue" time="1.260"/>
  <system-out/>
</testsuite> <!-- testCases.TC010_TC013 -->
