<?xml version="1.0" encoding="UTF-8"?>
<!-- Generated by org.testng.reporters.JUnitReportReporter -->
<testsuite hostname="LTIN522289" failures="0" tests="2" name="testCases.CollectionsSubMenuRetrievalTest" time="1.128" errors="0" timestamp="2025-01-16T09:04:46 IST" skipped="0">
  <testcase classname="testCases.CollectionsSubMenuRetrievalTest" name="dropDownAppearanceValidation" time="0.805"/>
  <system-out/>
  <testcase classname="testCases.CollectionsSubMenuRetrievalTest" name="dropDownSubMenuValidation" time="0.323"/>
  <system-out/>
</testsuite> <!-- testCases.CollectionsSubMenuRetrievalTest -->
