<?xml version="1.0" encoding="UTF-8"?>
<!-- Generated by org.testng.reporters.JUnitReportReporter -->
<testsuite hostname="LTIN522289" failures="0" tests="3" name="testCases.ULServicesFormTest" time="14.567" errors="0" timestamp="2025-01-16T09:04:46 IST" skipped="0">
  <testcase classname="testCases.ULServicesFormTest" name="checkULPageTitle" time="2.726"/>
  <system-out/>
  <testcase classname="testCases.ULServicesFormTest" name="FillULInvalidData" time="3.617"/>
  <system-out/>
  <testcase classname="testCases.ULServicesFormTest" name="FillULValidData" time="8.224"/>
  <system-out/>
</testsuite> <!-- testCases.ULServicesFormTest -->
