<?xml version="1.0" encoding="UTF-8"?>
<!-- Generated by org.testng.reporters.JUnitReportReporter -->
<testsuite hostname="LTIN555447" failures="0" tests="1" name="testCases.SampleTest" time="0.120" errors="0" timestamp="23 Dec 2024 19:44:30 GMT">
  <testcase classname="testCases.SampleTest" name="test1" time="0.120"/>
</testsuite> <!-- testCases.SampleTest -->
