<?xml version="1.0" encoding="UTF-8"?>
<!-- Generated by org.testng.reporters.JUnitReportReporter -->
<testsuite hostname="LTIN555447" failures="0" tests="3" name="testCases.TC019_TC021" time="7.397" errors="0" timestamp="2024-12-29T21:13:37 IST" skipped="0">
  <testcase classname="testCases.TC019_TC021" name="testUrlAfterBack" time="2.886"/>
  <system-out/>
  <testcase classname="testCases.TC019_TC021" name="testModalOpening" time="3.641"/>
  <system-out/>
  <testcase classname="testCases.TC019_TC021" name="testWithInvalidData" time="0.870"/>
  <system-out/>
</testsuite> <!-- testCases.TC019_TC021 -->
